<?xml version="1.0" encoding="UTF-8"?>
<!-- Generated by org.testng.reporters.JUnitReportReporter -->
<testsuite hostname="Sloka-Reddy" name="pack1.Demo1" tests="1" failures="0" timestamp="26 Feb 2019 16:14:54 GMT" time="0.020" errors="0">
  <testcase name="test" time="0.020" classname="pack1.Demo1"/>
</testsuite> <!-- pack1.Demo1 -->
